[idx=32] T0=2.0 sigma=1e-11 final_mse=2869.735608283809 -> results_tuning/tuning_32.json (plot: results_tuning/mse_curve_32.png)
[idx=33] T0=2.0 sigma=1e-10 final_mse=1379.4650557276975 -> results_tuning/tuning_33.json (plot: results_tuning/mse_curve_33.png)
[idx=34] T0=2.0 sigma=1e-09 final_mse=1189.8941379082034 -> results_tuning/tuning_34.json (plot: results_tuning/mse_curve_34.png)
[idx=35] T0=2.0 sigma=1e-08 final_mse=714.0594828276035 -> results_tuning/tuning_35.json (plot: results_tuning/mse_curve_35.png)
[idx=36] T0=2.0 sigma=1e-07 final_mse=581.9429470196529 -> results_tuning/tuning_36.json (plot: results_tuning/mse_curve_36.png)
[idx=37] T0=2.0 sigma=1e-06 final_mse=571.7412967545735 -> results_tuning/tuning_37.json (plot: results_tuning/mse_curve_37.png)
[idx=38] T0=2.0 sigma=9.999999999999999e-06 final_mse=573.8457570173247 -> results_tuning/tuning_38.json (plot: results_tuning/mse_curve_38.png)
[idx=39] T0=2.0 sigma=0.0001 final_mse=631.4197485216633 -> results_tuning/tuning_39.json (plot: results_tuning/mse_curve_39.png)
[idx=40] T0=5.0 sigma=1e-11 final_mse=3034.7924743870904 -> results_tuning/tuning_40.json (plot: results_tuning/mse_curve_40.png)
[idx=41] T0=5.0 sigma=1e-10 final_mse=1862.1624465935731 -> results_tuning/tuning_41.json (plot: results_tuning/mse_curve_41.png)
[idx=42] T0=5.0 sigma=1e-09 final_mse=1281.680387512527 -> results_tuning/tuning_42.json (plot: results_tuning/mse_curve_42.png)
[idx=43] T0=5.0 sigma=1e-08 final_mse=846.0182583947408 -> results_tuning/tuning_43.json (plot: results_tuning/mse_curve_43.png)
[idx=44] T0=5.0 sigma=1e-07 final_mse=602.0999222636241 -> results_tuning/tuning_44.json (plot: results_tuning/mse_curve_44.png)
[idx=45] T0=5.0 sigma=1e-06 final_mse=571.7349092153677 -> results_tuning/tuning_45.json (plot: results_tuning/mse_curve_45.png)
[idx=46] T0=5.0 sigma=9.999999999999999e-06 final_mse=581.1386243371744 -> results_tuning/tuning_46.json (plot: results_tuning/mse_curve_46.png)
[idx=47] T0=5.0 sigma=0.0001 final_mse=644.2405916610371 -> results_tuning/tuning_47.json (plot: results_tuning/mse_curve_47.png)
[idx=48] T0=8.0 sigma=1e-11 final_mse=3127.908656109725 -> results_tuning/tuning_48.json (plot: results_tuning/mse_curve_48.png)
[idx=49] T0=8.0 sigma=1e-10 final_mse=2152.7686914746228 -> results_tuning/tuning_49.json (plot: results_tuning/mse_curve_49.png)
[idx=50] T0=8.0 sigma=1e-09 final_mse=1322.6044352555218 -> results_tuning/tuning_50.json (plot: results_tuning/mse_curve_50.png)
[idx=51] T0=8.0 sigma=1e-08 final_mse=955.4735689193343 -> results_tuning/tuning_51.json (plot: results_tuning/mse_curve_51.png)
[idx=52] T0=8.0 sigma=1e-07 final_mse=623.3518580924954 -> results_tuning/tuning_52.json (plot: results_tuning/mse_curve_52.png)
[idx=53] T0=8.0 sigma=1e-06 final_mse=575.3432943195137 -> results_tuning/tuning_53.json (plot: results_tuning/mse_curve_53.png)
[idx=54] T0=8.0 sigma=9.999999999999999e-06 final_mse=580.3645535433984 -> results_tuning/tuning_54.json (plot: results_tuning/mse_curve_54.png)
[idx=55] T0=8.0 sigma=0.0001 final_mse=614.5223389217713 -> results_tuning/tuning_55.json (plot: results_tuning/mse_curve_55.png)
[idx=56] T0=10.0 sigma=1e-11 final_mse=3151.5245928083514 -> results_tuning/tuning_56.json (plot: results_tuning/mse_curve_56.png)
[idx=57] T0=10.0 sigma=1e-10 final_mse=2423.888820153823 -> results_tuning/tuning_57.json (plot: results_tuning/mse_curve_57.png)
[idx=58] T0=10.0 sigma=1e-09 final_mse=1332.1848705840484 -> results_tuning/tuning_58.json (plot: results_tuning/mse_curve_58.png)
[idx=59] T0=10.0 sigma=1e-08 final_mse=1024.6152862932508 -> results_tuning/tuning_59.json (plot: results_tuning/mse_curve_59.png)
[idx=60] T0=10.0 sigma=1e-07 final_mse=621.7402783660945 -> results_tuning/tuning_60.json (plot: results_tuning/mse_curve_60.png)
[idx=61] T0=10.0 sigma=1e-06 final_mse=586.6091938660328 -> results_tuning/tuning_61.json (plot: results_tuning/mse_curve_61.png)
[idx=62] T0=10.0 sigma=9.999999999999999e-06 final_mse=577.2890030264643 -> results_tuning/tuning_62.json (plot: results_tuning/mse_curve_62.png)
[idx=63] T0=10.0 sigma=0.0001 final_mse=635.8838122363485 -> results_tuning/tuning_63.json (plot: results_tuning/mse_curve_63.png)

Total wall time: 689.56s
Processed 32 combinations using 32 workers
