==========================================
Running calibration
==========================================
Parameters:
  n_chains=64 (32의 64/32배)
  n_workers=32 (각 코어당 64/32개 체인 처리)
  n_iter=500000, burn_in=400000
  T0=0.5, sigma=1e-6


Performance Analysis:
  Average single iteration time: 1.9944 ms
  Std deviation: 0.1548 ms
  Wall time per iteration (wall_time/n_iter): 4.3395 ms
  Total iterations: 500000
  Measured iterations: 64000

Collected 64 independent runs
Chain means array shape: (64, 30)
Center of Mass (best estimation) shape: (30,)
Number of model parameters: 30
Saved calibration result -> results_calibration/calib_workers32_chains64.json
Workers=32 wall_time=2169.76s final_mse=10288.5

Calibration completed: n_chains=64, n_workers=32
