Loading data...

Running Monte Carlo sampling...
T0=10.0, sigma=1e-05, n_iter=500000
Burn-in values to compare: [0]

Running 500000 iterations...
  Iteration 25000/500000 (5.0%)
  Iteration 50000/500000 (10.0%)
  Iteration 75000/500000 (15.0%)
  Iteration 100000/500000 (20.0%)
  Iteration 125000/500000 (25.0%)
  Iteration 150000/500000 (30.0%)
  Iteration 175000/500000 (35.0%)
  Iteration 200000/500000 (40.0%)
  Iteration 225000/500000 (45.0%)
  Iteration 250000/500000 (50.0%)
  Iteration 275000/500000 (55.0%)
  Iteration 300000/500000 (60.0%)
  Iteration 325000/500000 (65.0%)
  Iteration 350000/500000 (70.0%)
  Iteration 375000/500000 (75.0%)
  Iteration 400000/500000 (80.0%)
  Iteration 425000/500000 (85.0%)
  Iteration 450000/500000 (90.0%)
  Iteration 475000/500000 (95.0%)
  Iteration 500000/500000 (100.0%)

Sampling complete!
Final MSE: 587.83 ± 0.00
Minimum MSE: 587.83

Generating histograms...
Saved histogram: results_burnin_analysis/mc_histogram_iter5e5.png

Analysis complete! Histogram saved to results_burnin_analysis/
  - mc_histogram_iter5e5.png: Parameter distributions comparison
Completed n_iter=500000
