Loading data...

Running Monte Carlo sampling...
T0=10.0, sigma=1e-05, n_iter=1000000
Burn-in values to compare: [0]

Running 1000000 iterations...
  Iteration 25000/1000000 (2.5%)
  Iteration 50000/1000000 (5.0%)
  Iteration 75000/1000000 (7.5%)
  Iteration 100000/1000000 (10.0%)
  Iteration 125000/1000000 (12.5%)
  Iteration 150000/1000000 (15.0%)
  Iteration 175000/1000000 (17.5%)
  Iteration 200000/1000000 (20.0%)
  Iteration 225000/1000000 (22.5%)
  Iteration 250000/1000000 (25.0%)
  Iteration 275000/1000000 (27.5%)
  Iteration 300000/1000000 (30.0%)
  Iteration 325000/1000000 (32.5%)
  Iteration 350000/1000000 (35.0%)
  Iteration 375000/1000000 (37.5%)
  Iteration 400000/1000000 (40.0%)
  Iteration 425000/1000000 (42.5%)
  Iteration 450000/1000000 (45.0%)
  Iteration 475000/1000000 (47.5%)
  Iteration 500000/1000000 (50.0%)
  Iteration 525000/1000000 (52.5%)
  Iteration 550000/1000000 (55.0%)
  Iteration 575000/1000000 (57.5%)
  Iteration 600000/1000000 (60.0%)
  Iteration 625000/1000000 (62.5%)
  Iteration 650000/1000000 (65.0%)
  Iteration 675000/1000000 (67.5%)
  Iteration 700000/1000000 (70.0%)
  Iteration 725000/1000000 (72.5%)
  Iteration 750000/1000000 (75.0%)
  Iteration 775000/1000000 (77.5%)
  Iteration 800000/1000000 (80.0%)
  Iteration 825000/1000000 (82.5%)
  Iteration 850000/1000000 (85.0%)
  Iteration 875000/1000000 (87.5%)
  Iteration 900000/1000000 (90.0%)
  Iteration 925000/1000000 (92.5%)
  Iteration 950000/1000000 (95.0%)
  Iteration 975000/1000000 (97.5%)
  Iteration 1000000/1000000 (100.0%)

Sampling complete!
Final MSE: 576.62 ± 0.00
Minimum MSE: 576.62

Generating histograms...
Saved histogram: results_burnin_analysis/mc_histogram_iter1e6.png

Analysis complete! Histogram saved to results_burnin_analysis/
  - mc_histogram_iter1e6.png: Parameter distributions comparison
Completed n_iter=1000000
