Starting Monte Carlo histogram analysis...
T0=10.0, sigma=1e-5, n_iter=250000
Burn-in values: 0, 5000, 10000, 20000, 30000

Loading data...

Running Monte Carlo sampling...
T0=10.0, sigma=1e-05, n_iter=250000
Burn-in values to compare: [0, 5000, 10000, 20000, 30000]

Running 250000 iterations...
  Iteration 25000/250000 (10.0%)
  Iteration 50000/250000 (20.0%)
  Iteration 75000/250000 (30.0%)
  Iteration 100000/250000 (40.0%)
  Iteration 125000/250000 (50.0%)
  Iteration 150000/250000 (60.0%)
  Iteration 175000/250000 (70.0%)
  Iteration 200000/250000 (80.0%)
  Iteration 225000/250000 (90.0%)
  Iteration 250000/250000 (100.0%)

Sampling complete!
Final MSE: 599.19 ± 0.00
Minimum MSE: 596.87

Generating histograms...
Saved histogram: results_burnin_analysis/mc_histogram.png
Saved MSE histogram: results_burnin_analysis/mse_histogram.png

Analysis complete! Histograms saved to results_burnin_analysis/
  - mc_histogram.png: Parameter distributions comparison
  - mse_histogram.png: MSE distribution comparison

Job completed!
