==========================================
MC Histogram Comparison
==========================================
T0=0.5, sigma=1e-6

----------------------------------------
Condition 1: n_iter=250000, burn_in=200000
----------------------------------------
Loading data...

Running Monte Carlo sampling...
T0=0.5, sigma=1e-06, n_iter=250000
Burn-in values to compare: [0, 100000, 150000, 200000]

Running 250000 iterations...
  Iteration 25000/250000 (10.0%)
  Iteration 50000/250000 (20.0%)
  Iteration 75000/250000 (30.0%)
  Iteration 100000/250000 (40.0%)
  Iteration 125000/250000 (50.0%)
  Iteration 150000/250000 (60.0%)
  Iteration 175000/250000 (70.0%)
  Iteration 200000/250000 (80.0%)
  Iteration 225000/250000 (90.0%)
  Iteration 250000/250000 (100.0%)

Sampling complete!
Final MSE: 562.90 ± 0.00
Minimum MSE: 562.90

Generating histograms...
Saved histogram: results_mc_comparison/mc_histogram_iter2.5e5.png

Analysis complete! Histogram saved to results_mc_comparison/
  - mc_histogram_iter2.5e5.png: Parameter distributions comparison
Saved: results_mc_comparison/mc_histogram_condition1_niter250k_burnin200k.png

----------------------------------------
Condition 2: n_iter=500000, burn_in=400000
----------------------------------------
Loading data...

Running Monte Carlo sampling...
T0=0.5, sigma=1e-06, n_iter=500000
Burn-in values to compare: [0, 200000, 300000, 400000]

Running 500000 iterations...
  Iteration 25000/500000 (5.0%)
  Iteration 50000/500000 (10.0%)
  Iteration 75000/500000 (15.0%)
  Iteration 100000/500000 (20.0%)
  Iteration 125000/500000 (25.0%)
  Iteration 150000/500000 (30.0%)
  Iteration 175000/500000 (35.0%)
  Iteration 200000/500000 (40.0%)
  Iteration 225000/500000 (45.0%)
  Iteration 250000/500000 (50.0%)
  Iteration 275000/500000 (55.0%)
  Iteration 300000/500000 (60.0%)
  Iteration 325000/500000 (65.0%)
  Iteration 350000/500000 (70.0%)
  Iteration 375000/500000 (75.0%)
  Iteration 400000/500000 (80.0%)
  Iteration 425000/500000 (85.0%)
  Iteration 450000/500000 (90.0%)
  Iteration 475000/500000 (95.0%)
  Iteration 500000/500000 (100.0%)

Sampling complete!
Final MSE: 561.88 ± 0.00
Minimum MSE: 561.88

Generating histograms...
Saved histogram: results_mc_comparison/mc_histogram_iter5e5.png

Analysis complete! Histogram saved to results_mc_comparison/
  - mc_histogram_iter5e5.png: Parameter distributions comparison
Saved: results_mc_comparison/mc_histogram_condition2_niter500k_burnin400k.png

==========================================
MC Histogram Comparison Complete
==========================================
Results saved in: results_mc_comparison/
  - Condition 1: n_iter=250k, burn_in=200k
  - Condition 2: n_iter=500k, burn_in=400k
