==========================================
Running calibration
==========================================
Parameters:
  n_chains=96 (32의 96/32배)
  n_workers=32 (각 코어당 96/32개 체인 처리)
  n_iter=500000, burn_in=400000
  T0=0.5, sigma=1e-6


Performance Analysis:
  Average single iteration time: 2.0291 ms
  Std deviation: 0.3484 ms
  Wall time per iteration (wall_time/n_iter): 6.3995 ms
  Total iterations: 500000
  Measured iterations: 96000

Collected 96 independent runs
Chain means array shape: (96, 30)
Center of Mass (best estimation) shape: (30,)
Number of model parameters: 30
Saved calibration result -> results_calibration/calib_workers32_chains96.json
Workers=32 wall_time=3199.76s final_mse=10642.3

Calibration completed: n_chains=96, n_workers=32
