Loading data...

Running Monte Carlo sampling...
T0=10.0, sigma=1e-05, n_iter=250000
Burn-in values to compare: [0]

Running 250000 iterations...
  Iteration 25000/250000 (10.0%)
  Iteration 50000/250000 (20.0%)
  Iteration 75000/250000 (30.0%)
  Iteration 100000/250000 (40.0%)
  Iteration 125000/250000 (50.0%)
  Iteration 150000/250000 (60.0%)
  Iteration 175000/250000 (70.0%)
  Iteration 200000/250000 (80.0%)
  Iteration 225000/250000 (90.0%)
  Iteration 250000/250000 (100.0%)

Sampling complete!
Final MSE: 591.06 ± 0.01
Minimum MSE: 591.06

Generating histograms...
Saved histogram: results_burnin_analysis/mc_histogram_iter2.5e5.png

Analysis complete! Histogram saved to results_burnin_analysis/
  - mc_histogram_iter2.5e5.png: Parameter distributions comparison
Completed n_iter=250000
