==========================================
Running calibration with default values
==========================================
Parameters:
  n_chains=10 (default)
  n_iter=250000 (default)
  burn_in=200000 (default)
  n_workers=32
  T0=0.5, sigma=1e-6


Performance Analysis:
  Average single iteration time: 1.7917 ms
  Std deviation: 0.1142 ms
  Wall time per iteration (wall_time/n_iter): 1.9467 ms
  Total iterations: 250000
  Measured iterations: 10000

Collected 10 independent runs
Chain means array shape: (10, 30)
Center of Mass (best estimation) shape: (30,)
Number of model parameters: 30
Saved calibration result -> results_calibration/calib_workers32_chains10_noise_test.json
Workers=32 wall_time=486.68s final_mse=11615

Calibration completed
