[idx=0] T0=0.1 sigma=1e-11 final_mse=1379.4593901460255 -> results_tuning/tuning_00.json (plot: results_tuning/mse_curve_00.png)
[idx=1] T0=0.1 sigma=1e-10 final_mse=1164.1957210207067 -> results_tuning/tuning_01.json (plot: results_tuning/mse_curve_01.png)
[idx=2] T0=0.1 sigma=1e-09 final_mse=679.6540650997862 -> results_tuning/tuning_02.json (plot: results_tuning/mse_curve_02.png)
[idx=3] T0=0.1 sigma=1e-08 final_mse=569.4428554614911 -> results_tuning/tuning_03.json (plot: results_tuning/mse_curve_03.png)
[idx=4] T0=0.1 sigma=1e-07 final_mse=562.0345849556007 -> results_tuning/tuning_04.json (plot: results_tuning/mse_curve_04.png)
[idx=5] T0=0.1 sigma=1e-06 final_mse=566.8411234105273 -> results_tuning/tuning_05.json (plot: results_tuning/mse_curve_05.png)
[idx=6] T0=0.1 sigma=9.999999999999999e-06 final_mse=606.139528221154 -> results_tuning/tuning_06.json (plot: results_tuning/mse_curve_06.png)
[idx=7] T0=0.1 sigma=0.0001 final_mse=660.3340974062372 -> results_tuning/tuning_07.json (plot: results_tuning/mse_curve_07.png)
[idx=8] T0=0.2 sigma=1e-11 final_mse=1610.4522204314967 -> results_tuning/tuning_08.json (plot: results_tuning/mse_curve_08.png)
[idx=9] T0=0.2 sigma=1e-10 final_mse=1239.4550293615084 -> results_tuning/tuning_09.json (plot: results_tuning/mse_curve_09.png)
[idx=10] T0=0.2 sigma=1e-09 final_mse=772.7104973026605 -> results_tuning/tuning_10.json (plot: results_tuning/mse_curve_10.png)
[idx=11] T0=0.2 sigma=1e-08 final_mse=575.7186829628018 -> results_tuning/tuning_11.json (plot: results_tuning/mse_curve_11.png)
[idx=12] T0=0.2 sigma=1e-07 final_mse=562.5645737025742 -> results_tuning/tuning_12.json (plot: results_tuning/mse_curve_12.png)
[idx=13] T0=0.2 sigma=1e-06 final_mse=564.2302786931918 -> results_tuning/tuning_13.json (plot: results_tuning/mse_curve_13.png)
[idx=14] T0=0.2 sigma=9.999999999999999e-06 final_mse=592.3254830126755 -> results_tuning/tuning_14.json (plot: results_tuning/mse_curve_14.png)
[idx=15] T0=0.2 sigma=0.0001 final_mse=680.2363482691687 -> results_tuning/tuning_15.json (plot: results_tuning/mse_curve_15.png)
[idx=16] T0=0.5 sigma=1e-11 final_mse=2204.2586854460897 -> results_tuning/tuning_16.json (plot: results_tuning/mse_curve_16.png)
[idx=17] T0=0.5 sigma=1e-10 final_mse=1312.1441522150333 -> results_tuning/tuning_17.json (plot: results_tuning/mse_curve_17.png)
[idx=18] T0=0.5 sigma=1e-09 final_mse=954.5903484757403 -> results_tuning/tuning_18.json (plot: results_tuning/mse_curve_18.png)
[idx=19] T0=0.5 sigma=1e-08 final_mse=597.8864110562652 -> results_tuning/tuning_19.json (plot: results_tuning/mse_curve_19.png)
[idx=20] T0=0.5 sigma=1e-07 final_mse=566.1473034909352 -> results_tuning/tuning_20.json (plot: results_tuning/mse_curve_20.png)
[idx=21] T0=0.5 sigma=1e-06 final_mse=563.3792855923916 -> results_tuning/tuning_21.json (plot: results_tuning/mse_curve_21.png)
[idx=22] T0=0.5 sigma=9.999999999999999e-06 final_mse=577.5956724211885 -> results_tuning/tuning_22.json (plot: results_tuning/mse_curve_22.png)
[idx=23] T0=0.5 sigma=0.0001 final_mse=690.3507692727866 -> results_tuning/tuning_23.json (plot: results_tuning/mse_curve_23.png)
[idx=24] T0=1.0 sigma=1e-11 final_mse=2621.9938769936953 -> results_tuning/tuning_24.json (plot: results_tuning/mse_curve_24.png)
[idx=25] T0=1.0 sigma=1e-10 final_mse=1339.3776470142286 -> results_tuning/tuning_25.json (plot: results_tuning/mse_curve_25.png)
[idx=26] T0=1.0 sigma=1e-09 final_mse=1090.7160739614844 -> results_tuning/tuning_26.json (plot: results_tuning/mse_curve_26.png)
[idx=27] T0=1.0 sigma=1e-08 final_mse=633.0222315915556 -> results_tuning/tuning_27.json (plot: results_tuning/mse_curve_27.png)
[idx=28] T0=1.0 sigma=1e-07 final_mse=569.6232331191745 -> results_tuning/tuning_28.json (plot: results_tuning/mse_curve_28.png)
[idx=29] T0=1.0 sigma=1e-06 final_mse=562.7608100337113 -> results_tuning/tuning_29.json (plot: results_tuning/mse_curve_29.png)
[idx=30] T0=1.0 sigma=9.999999999999999e-06 final_mse=571.0109979811838 -> results_tuning/tuning_30.json (plot: results_tuning/mse_curve_30.png)
[idx=31] T0=1.0 sigma=0.0001 final_mse=643.0785025914462 -> results_tuning/tuning_31.json (plot: results_tuning/mse_curve_31.png)

Total wall time: 657.89s
Processed 32 combinations using 32 workers
