[idx=32] T0=2.0 sigma=1e-11 final_mse=3028.6330187596004 -> results_tuning/tuning_32.json (plot: results_tuning/mse_curve_32.png)
[idx=33] T0=2.0 sigma=1e-10 final_mse=1724.2402813046392 -> results_tuning/tuning_33.json (plot: results_tuning/mse_curve_33.png)
[idx=34] T0=2.0 sigma=1e-09 final_mse=1343.5013663717411 -> results_tuning/tuning_34.json (plot: results_tuning/mse_curve_34.png)
[idx=35] T0=2.0 sigma=1e-08 final_mse=1047.4859830411904 -> results_tuning/tuning_35.json (plot: results_tuning/mse_curve_35.png)
[idx=36] T0=2.0 sigma=1e-07 final_mse=625.053144797323 -> results_tuning/tuning_36.json (plot: results_tuning/mse_curve_36.png)
[idx=37] T0=2.0 sigma=1e-06 final_mse=599.7322113444367 -> results_tuning/tuning_37.json (plot: results_tuning/mse_curve_37.png)
[idx=38] T0=2.0 sigma=9.999999999999999e-06 final_mse=599.1501103169452 -> results_tuning/tuning_38.json (plot: results_tuning/mse_curve_38.png)
[idx=39] T0=2.0 sigma=0.0001 final_mse=675.5208799321284 -> results_tuning/tuning_39.json (plot: results_tuning/mse_curve_39.png)
[idx=40] T0=5.0 sigma=1e-11 final_mse=3067.454257611323 -> results_tuning/tuning_40.json (plot: results_tuning/mse_curve_40.png)
[idx=41] T0=5.0 sigma=1e-10 final_mse=1641.8836659885214 -> results_tuning/tuning_41.json (plot: results_tuning/mse_curve_41.png)
[idx=42] T0=5.0 sigma=1e-09 final_mse=1335.8718502817408 -> results_tuning/tuning_42.json (plot: results_tuning/mse_curve_42.png)
[idx=43] T0=5.0 sigma=1e-08 final_mse=1025.4899613510515 -> results_tuning/tuning_43.json (plot: results_tuning/mse_curve_43.png)
[idx=44] T0=5.0 sigma=1e-07 final_mse=635.4087493736514 -> results_tuning/tuning_44.json (plot: results_tuning/mse_curve_44.png)
[idx=45] T0=5.0 sigma=1e-06 final_mse=600.719077574772 -> results_tuning/tuning_45.json (plot: results_tuning/mse_curve_45.png)
[idx=46] T0=5.0 sigma=9.999999999999999e-06 final_mse=600.5292506868282 -> results_tuning/tuning_46.json (plot: results_tuning/mse_curve_46.png)
[idx=47] T0=5.0 sigma=0.0001 final_mse=693.6152770167766 -> results_tuning/tuning_47.json (plot: results_tuning/mse_curve_47.png)
[idx=48] T0=8.0 sigma=1e-11 final_mse=3068.966017341276 -> results_tuning/tuning_48.json (plot: results_tuning/mse_curve_48.png)
[idx=49] T0=8.0 sigma=1e-10 final_mse=1643.1348128640652 -> results_tuning/tuning_49.json (plot: results_tuning/mse_curve_49.png)
[idx=50] T0=8.0 sigma=1e-09 final_mse=1336.0424494476938 -> results_tuning/tuning_50.json (plot: results_tuning/mse_curve_50.png)
[idx=51] T0=8.0 sigma=1e-08 final_mse=1026.353501876021 -> results_tuning/tuning_51.json (plot: results_tuning/mse_curve_51.png)
[idx=52] T0=8.0 sigma=1e-07 final_mse=623.0146157225813 -> results_tuning/tuning_52.json (plot: results_tuning/mse_curve_52.png)
[idx=53] T0=8.0 sigma=1e-06 final_mse=601.959374305832 -> results_tuning/tuning_53.json (plot: results_tuning/mse_curve_53.png)
[idx=54] T0=8.0 sigma=9.999999999999999e-06 final_mse=598.2707048363699 -> results_tuning/tuning_54.json (plot: results_tuning/mse_curve_54.png)
[idx=55] T0=8.0 sigma=0.0001 final_mse=694.3890050241192 -> results_tuning/tuning_55.json (plot: results_tuning/mse_curve_55.png)
[idx=56] T0=10.0 sigma=1e-11 final_mse=3066.8775739240396 -> results_tuning/tuning_56.json (plot: results_tuning/mse_curve_56.png)
[idx=57] T0=10.0 sigma=1e-10 final_mse=1663.2591823875332 -> results_tuning/tuning_57.json (plot: results_tuning/mse_curve_57.png)
[idx=58] T0=10.0 sigma=1e-09 final_mse=1348.9935011000127 -> results_tuning/tuning_58.json (plot: results_tuning/mse_curve_58.png)
[idx=59] T0=10.0 sigma=1e-08 final_mse=1028.4480490486408 -> results_tuning/tuning_59.json (plot: results_tuning/mse_curve_59.png)
[idx=60] T0=10.0 sigma=1e-07 final_mse=619.053831722513 -> results_tuning/tuning_60.json (plot: results_tuning/mse_curve_60.png)
[idx=61] T0=10.0 sigma=1e-06 final_mse=605.0448294822065 -> results_tuning/tuning_61.json (plot: results_tuning/mse_curve_61.png)
[idx=62] T0=10.0 sigma=9.999999999999999e-06 final_mse=596.3526149165218 -> results_tuning/tuning_62.json (plot: results_tuning/mse_curve_62.png)
[idx=63] T0=10.0 sigma=0.0001 final_mse=674.0576318175883 -> results_tuning/tuning_63.json (plot: results_tuning/mse_curve_63.png)

Total wall time: 645.61s
Processed 32 combinations using 32 workers
