[idx=32] T0=2.0 sigma=1e-11 final_mse=2855.698323742168 -> results_tuning/tuning_32.json (plot: results_tuning/mse_curve_32.png)
[idx=33] T0=2.0 sigma=1e-10 final_mse=1378.5573886135958 -> results_tuning/tuning_33.json (plot: results_tuning/mse_curve_33.png)
[idx=34] T0=2.0 sigma=1e-09 final_mse=1166.0871817342113 -> results_tuning/tuning_34.json (plot: results_tuning/mse_curve_34.png)
[idx=35] T0=2.0 sigma=1e-08 final_mse=709.8700606502637 -> results_tuning/tuning_35.json (plot: results_tuning/mse_curve_35.png)
[idx=36] T0=2.0 sigma=1e-07 final_mse=572.1113174117049 -> results_tuning/tuning_36.json (plot: results_tuning/mse_curve_36.png)
[idx=37] T0=2.0 sigma=1e-06 final_mse=565.1937444707102 -> results_tuning/tuning_37.json (plot: results_tuning/mse_curve_37.png)
[idx=38] T0=2.0 sigma=9.999999999999999e-06 final_mse=567.9736881092591 -> results_tuning/tuning_38.json (plot: results_tuning/mse_curve_38.png)
[idx=39] T0=2.0 sigma=0.0001 final_mse=671.3528709728747 -> results_tuning/tuning_39.json (plot: results_tuning/mse_curve_39.png)
[idx=40] T0=5.0 sigma=1e-11 final_mse=3050.463288349079 -> results_tuning/tuning_40.json (plot: results_tuning/mse_curve_40.png)
[idx=41] T0=5.0 sigma=1e-10 final_mse=1785.6559457632777 -> results_tuning/tuning_41.json (plot: results_tuning/mse_curve_41.png)
[idx=42] T0=5.0 sigma=1e-09 final_mse=1291.5014127189922 -> results_tuning/tuning_42.json (plot: results_tuning/mse_curve_42.png)
[idx=43] T0=5.0 sigma=1e-08 final_mse=863.5628068540101 -> results_tuning/tuning_43.json (plot: results_tuning/mse_curve_43.png)
[idx=44] T0=5.0 sigma=1e-07 final_mse=606.9689432995308 -> results_tuning/tuning_44.json (plot: results_tuning/mse_curve_44.png)
[idx=45] T0=5.0 sigma=1e-06 final_mse=566.0244236856228 -> results_tuning/tuning_45.json (plot: results_tuning/mse_curve_45.png)
[idx=46] T0=5.0 sigma=9.999999999999999e-06 final_mse=571.4953099447803 -> results_tuning/tuning_46.json (plot: results_tuning/mse_curve_46.png)
[idx=47] T0=5.0 sigma=0.0001 final_mse=611.543120473168 -> results_tuning/tuning_47.json (plot: results_tuning/mse_curve_47.png)
[idx=48] T0=8.0 sigma=1e-11 final_mse=3101.435677035226 -> results_tuning/tuning_48.json (plot: results_tuning/mse_curve_48.png)
[idx=49] T0=8.0 sigma=1e-10 final_mse=2241.7640105623204 -> results_tuning/tuning_49.json (plot: results_tuning/mse_curve_49.png)
[idx=50] T0=8.0 sigma=1e-09 final_mse=1339.3126917806069 -> results_tuning/tuning_50.json (plot: results_tuning/mse_curve_50.png)
[idx=51] T0=8.0 sigma=1e-08 final_mse=929.8378337757632 -> results_tuning/tuning_51.json (plot: results_tuning/mse_curve_51.png)
[idx=52] T0=8.0 sigma=1e-07 final_mse=617.4417984262644 -> results_tuning/tuning_52.json (plot: results_tuning/mse_curve_52.png)
[idx=53] T0=8.0 sigma=1e-06 final_mse=575.8757799978504 -> results_tuning/tuning_53.json (plot: results_tuning/mse_curve_53.png)
[idx=54] T0=8.0 sigma=9.999999999999999e-06 final_mse=574.7817373311947 -> results_tuning/tuning_54.json (plot: results_tuning/mse_curve_54.png)
[idx=55] T0=8.0 sigma=0.0001 final_mse=613.5489901445987 -> results_tuning/tuning_55.json (plot: results_tuning/mse_curve_55.png)
[idx=56] T0=10.0 sigma=1e-11 final_mse=3126.226361849876 -> results_tuning/tuning_56.json (plot: results_tuning/mse_curve_56.png)
[idx=57] T0=10.0 sigma=1e-10 final_mse=2424.8568530234998 -> results_tuning/tuning_57.json (plot: results_tuning/mse_curve_57.png)
[idx=58] T0=10.0 sigma=1e-09 final_mse=1320.9277313804296 -> results_tuning/tuning_58.json (plot: results_tuning/mse_curve_58.png)
[idx=59] T0=10.0 sigma=1e-08 final_mse=1032.939317946914 -> results_tuning/tuning_59.json (plot: results_tuning/mse_curve_59.png)
[idx=60] T0=10.0 sigma=1e-07 final_mse=609.8027630234327 -> results_tuning/tuning_60.json (plot: results_tuning/mse_curve_60.png)
[idx=61] T0=10.0 sigma=1e-06 final_mse=574.1086805509773 -> results_tuning/tuning_61.json (plot: results_tuning/mse_curve_61.png)
[idx=62] T0=10.0 sigma=9.999999999999999e-06 final_mse=577.7025671622556 -> results_tuning/tuning_62.json (plot: results_tuning/mse_curve_62.png)
[idx=63] T0=10.0 sigma=0.0001 final_mse=589.5650016776726 -> results_tuning/tuning_63.json (plot: results_tuning/mse_curve_63.png)

Total wall time: 661.62s
Processed 32 combinations using 32 workers
