Loading data...

Running Monte Carlo sampling...
T0=10.0, sigma=1e-05, n_iter=10000000
Burn-in values to compare: [0]

Running 10000000 iterations...
  Iteration 25000/10000000 (0.2%)
  Iteration 50000/10000000 (0.5%)
  Iteration 75000/10000000 (0.8%)
  Iteration 100000/10000000 (1.0%)
  Iteration 125000/10000000 (1.2%)
  Iteration 150000/10000000 (1.5%)
  Iteration 175000/10000000 (1.8%)
  Iteration 200000/10000000 (2.0%)
  Iteration 225000/10000000 (2.2%)
  Iteration 250000/10000000 (2.5%)
  Iteration 275000/10000000 (2.8%)
  Iteration 300000/10000000 (3.0%)
  Iteration 325000/10000000 (3.2%)
  Iteration 350000/10000000 (3.5%)
  Iteration 375000/10000000 (3.8%)
  Iteration 400000/10000000 (4.0%)
  Iteration 425000/10000000 (4.2%)
  Iteration 450000/10000000 (4.5%)
  Iteration 475000/10000000 (4.8%)
  Iteration 500000/10000000 (5.0%)
  Iteration 525000/10000000 (5.2%)
  Iteration 550000/10000000 (5.5%)
  Iteration 575000/10000000 (5.8%)
  Iteration 600000/10000000 (6.0%)
  Iteration 625000/10000000 (6.2%)
  Iteration 650000/10000000 (6.5%)
  Iteration 675000/10000000 (6.8%)
  Iteration 700000/10000000 (7.0%)
  Iteration 725000/10000000 (7.2%)
  Iteration 750000/10000000 (7.5%)
  Iteration 775000/10000000 (7.8%)
  Iteration 800000/10000000 (8.0%)
  Iteration 825000/10000000 (8.2%)
  Iteration 850000/10000000 (8.5%)
  Iteration 875000/10000000 (8.8%)
  Iteration 900000/10000000 (9.0%)
  Iteration 925000/10000000 (9.2%)
  Iteration 950000/10000000 (9.5%)
  Iteration 975000/10000000 (9.8%)
  Iteration 1000000/10000000 (10.0%)
  Iteration 1025000/10000000 (10.2%)
  Iteration 1050000/10000000 (10.5%)
  Iteration 1075000/10000000 (10.8%)
  Iteration 1100000/10000000 (11.0%)
  Iteration 1125000/10000000 (11.2%)
  Iteration 1150000/10000000 (11.5%)
  Iteration 1175000/10000000 (11.8%)
  Iteration 1200000/10000000 (12.0%)
  Iteration 1225000/10000000 (12.2%)
  Iteration 1250000/10000000 (12.5%)
  Iteration 1275000/10000000 (12.8%)
  Iteration 1300000/10000000 (13.0%)
  Iteration 1325000/10000000 (13.2%)
  Iteration 1350000/10000000 (13.5%)
  Iteration 1375000/10000000 (13.8%)
  Iteration 1400000/10000000 (14.0%)
  Iteration 1425000/10000000 (14.2%)
  Iteration 1450000/10000000 (14.5%)
  Iteration 1475000/10000000 (14.8%)
  Iteration 1500000/10000000 (15.0%)
  Iteration 1525000/10000000 (15.2%)
  Iteration 1550000/10000000 (15.5%)
  Iteration 1575000/10000000 (15.8%)
  Iteration 1600000/10000000 (16.0%)
  Iteration 1625000/10000000 (16.2%)
  Iteration 1650000/10000000 (16.5%)
  Iteration 1675000/10000000 (16.8%)
  Iteration 1700000/10000000 (17.0%)
  Iteration 1725000/10000000 (17.2%)
  Iteration 1750000/10000000 (17.5%)
  Iteration 1775000/10000000 (17.8%)
  Iteration 1800000/10000000 (18.0%)
  Iteration 1825000/10000000 (18.2%)
  Iteration 1850000/10000000 (18.5%)
  Iteration 1875000/10000000 (18.8%)
  Iteration 1900000/10000000 (19.0%)
  Iteration 1925000/10000000 (19.2%)
  Iteration 1950000/10000000 (19.5%)
  Iteration 1975000/10000000 (19.8%)
  Iteration 2000000/10000000 (20.0%)
  Iteration 2025000/10000000 (20.2%)
  Iteration 2050000/10000000 (20.5%)
  Iteration 2075000/10000000 (20.8%)
  Iteration 2100000/10000000 (21.0%)
  Iteration 2125000/10000000 (21.2%)
  Iteration 2150000/10000000 (21.5%)
  Iteration 2175000/10000000 (21.8%)
  Iteration 2200000/10000000 (22.0%)
  Iteration 2225000/10000000 (22.2%)
  Iteration 2250000/10000000 (22.5%)
  Iteration 2275000/10000000 (22.8%)
  Iteration 2300000/10000000 (23.0%)
  Iteration 2325000/10000000 (23.2%)
  Iteration 2350000/10000000 (23.5%)
  Iteration 2375000/10000000 (23.8%)
  Iteration 2400000/10000000 (24.0%)
  Iteration 2425000/10000000 (24.2%)
  Iteration 2450000/10000000 (24.5%)
  Iteration 2475000/10000000 (24.8%)
  Iteration 2500000/10000000 (25.0%)
  Iteration 2525000/10000000 (25.2%)
  Iteration 2550000/10000000 (25.5%)
  Iteration 2575000/10000000 (25.8%)
  Iteration 2600000/10000000 (26.0%)
  Iteration 2625000/10000000 (26.2%)
  Iteration 2650000/10000000 (26.5%)
  Iteration 2675000/10000000 (26.8%)
  Iteration 2700000/10000000 (27.0%)
  Iteration 2725000/10000000 (27.3%)
  Iteration 2750000/10000000 (27.5%)
  Iteration 2775000/10000000 (27.8%)
  Iteration 2800000/10000000 (28.0%)
  Iteration 2825000/10000000 (28.2%)
  Iteration 2850000/10000000 (28.5%)
  Iteration 2875000/10000000 (28.7%)
  Iteration 2900000/10000000 (29.0%)
  Iteration 2925000/10000000 (29.2%)
  Iteration 2950000/10000000 (29.5%)
  Iteration 2975000/10000000 (29.8%)
  Iteration 3000000/10000000 (30.0%)
  Iteration 3025000/10000000 (30.2%)
  Iteration 3050000/10000000 (30.5%)
  Iteration 3075000/10000000 (30.8%)
  Iteration 3100000/10000000 (31.0%)
  Iteration 3125000/10000000 (31.2%)
  Iteration 3150000/10000000 (31.5%)
  Iteration 3175000/10000000 (31.8%)
  Iteration 3200000/10000000 (32.0%)
  Iteration 3225000/10000000 (32.2%)
  Iteration 3250000/10000000 (32.5%)
  Iteration 3275000/10000000 (32.8%)
  Iteration 3300000/10000000 (33.0%)
  Iteration 3325000/10000000 (33.2%)
  Iteration 3350000/10000000 (33.5%)
  Iteration 3375000/10000000 (33.8%)
  Iteration 3400000/10000000 (34.0%)
  Iteration 3425000/10000000 (34.2%)
  Iteration 3450000/10000000 (34.5%)
  Iteration 3475000/10000000 (34.8%)
  Iteration 3500000/10000000 (35.0%)
  Iteration 3525000/10000000 (35.2%)
  Iteration 3550000/10000000 (35.5%)
  Iteration 3575000/10000000 (35.8%)
  Iteration 3600000/10000000 (36.0%)
  Iteration 3625000/10000000 (36.2%)
  Iteration 3650000/10000000 (36.5%)
  Iteration 3675000/10000000 (36.8%)
  Iteration 3700000/10000000 (37.0%)
  Iteration 3725000/10000000 (37.2%)
  Iteration 3750000/10000000 (37.5%)
  Iteration 3775000/10000000 (37.8%)
  Iteration 3800000/10000000 (38.0%)
  Iteration 3825000/10000000 (38.2%)
  Iteration 3850000/10000000 (38.5%)
  Iteration 3875000/10000000 (38.8%)
  Iteration 3900000/10000000 (39.0%)
  Iteration 3925000/10000000 (39.2%)
  Iteration 3950000/10000000 (39.5%)
  Iteration 3975000/10000000 (39.8%)
  Iteration 4000000/10000000 (40.0%)
  Iteration 4025000/10000000 (40.2%)
  Iteration 4050000/10000000 (40.5%)
  Iteration 4075000/10000000 (40.8%)
  Iteration 4100000/10000000 (41.0%)
  Iteration 4125000/10000000 (41.2%)
  Iteration 4150000/10000000 (41.5%)
  Iteration 4175000/10000000 (41.8%)
  Iteration 4200000/10000000 (42.0%)
  Iteration 4225000/10000000 (42.2%)
  Iteration 4250000/10000000 (42.5%)
  Iteration 4275000/10000000 (42.8%)
  Iteration 4300000/10000000 (43.0%)
  Iteration 4325000/10000000 (43.2%)
  Iteration 4350000/10000000 (43.5%)
  Iteration 4375000/10000000 (43.8%)
  Iteration 4400000/10000000 (44.0%)
  Iteration 4425000/10000000 (44.2%)
  Iteration 4450000/10000000 (44.5%)
  Iteration 4475000/10000000 (44.8%)
  Iteration 4500000/10000000 (45.0%)
  Iteration 4525000/10000000 (45.2%)
  Iteration 4550000/10000000 (45.5%)
  Iteration 4575000/10000000 (45.8%)
  Iteration 4600000/10000000 (46.0%)
  Iteration 4625000/10000000 (46.2%)
  Iteration 4650000/10000000 (46.5%)
  Iteration 4675000/10000000 (46.8%)
  Iteration 4700000/10000000 (47.0%)
  Iteration 4725000/10000000 (47.2%)
  Iteration 4750000/10000000 (47.5%)
  Iteration 4775000/10000000 (47.8%)
  Iteration 4800000/10000000 (48.0%)
  Iteration 4825000/10000000 (48.2%)
  Iteration 4850000/10000000 (48.5%)
  Iteration 4875000/10000000 (48.8%)
  Iteration 4900000/10000000 (49.0%)
  Iteration 4925000/10000000 (49.2%)
  Iteration 4950000/10000000 (49.5%)
  Iteration 4975000/10000000 (49.8%)
  Iteration 5000000/10000000 (50.0%)
  Iteration 5025000/10000000 (50.2%)
  Iteration 5050000/10000000 (50.5%)
  Iteration 5075000/10000000 (50.7%)
  Iteration 5100000/10000000 (51.0%)
  Iteration 5125000/10000000 (51.2%)
  Iteration 5150000/10000000 (51.5%)
  Iteration 5175000/10000000 (51.7%)
  Iteration 5200000/10000000 (52.0%)
  Iteration 5225000/10000000 (52.2%)
  Iteration 5250000/10000000 (52.5%)
  Iteration 5275000/10000000 (52.8%)
  Iteration 5300000/10000000 (53.0%)
  Iteration 5325000/10000000 (53.2%)
  Iteration 5350000/10000000 (53.5%)
  Iteration 5375000/10000000 (53.8%)
  Iteration 5400000/10000000 (54.0%)
  Iteration 5425000/10000000 (54.2%)
  Iteration 5450000/10000000 (54.5%)
  Iteration 5475000/10000000 (54.8%)
  Iteration 5500000/10000000 (55.0%)
  Iteration 5525000/10000000 (55.2%)
  Iteration 5550000/10000000 (55.5%)
  Iteration 5575000/10000000 (55.8%)
  Iteration 5600000/10000000 (56.0%)
  Iteration 5625000/10000000 (56.2%)
  Iteration 5650000/10000000 (56.5%)
  Iteration 5675000/10000000 (56.8%)
  Iteration 5700000/10000000 (57.0%)
  Iteration 5725000/10000000 (57.2%)
  Iteration 5750000/10000000 (57.5%)
  Iteration 5775000/10000000 (57.8%)
  Iteration 5800000/10000000 (58.0%)
  Iteration 5825000/10000000 (58.2%)
  Iteration 5850000/10000000 (58.5%)
  Iteration 5875000/10000000 (58.8%)
  Iteration 5900000/10000000 (59.0%)
  Iteration 5925000/10000000 (59.2%)
  Iteration 5950000/10000000 (59.5%)
  Iteration 5975000/10000000 (59.8%)
  Iteration 6000000/10000000 (60.0%)
  Iteration 6025000/10000000 (60.2%)
  Iteration 6050000/10000000 (60.5%)
  Iteration 6075000/10000000 (60.8%)
  Iteration 6100000/10000000 (61.0%)
  Iteration 6125000/10000000 (61.3%)
  Iteration 6150000/10000000 (61.5%)
  Iteration 6175000/10000000 (61.8%)
  Iteration 6200000/10000000 (62.0%)
  Iteration 6225000/10000000 (62.3%)
  Iteration 6250000/10000000 (62.5%)
  Iteration 6275000/10000000 (62.7%)
  Iteration 6300000/10000000 (63.0%)
  Iteration 6325000/10000000 (63.2%)
  Iteration 6350000/10000000 (63.5%)
  Iteration 6375000/10000000 (63.7%)
  Iteration 6400000/10000000 (64.0%)
  Iteration 6425000/10000000 (64.2%)
  Iteration 6450000/10000000 (64.5%)
  Iteration 6475000/10000000 (64.8%)
  Iteration 6500000/10000000 (65.0%)
  Iteration 6525000/10000000 (65.2%)
  Iteration 6550000/10000000 (65.5%)
  Iteration 6575000/10000000 (65.8%)
  Iteration 6600000/10000000 (66.0%)
  Iteration 6625000/10000000 (66.2%)
  Iteration 6650000/10000000 (66.5%)
  Iteration 6675000/10000000 (66.8%)
  Iteration 6700000/10000000 (67.0%)
  Iteration 6725000/10000000 (67.2%)
  Iteration 6750000/10000000 (67.5%)
  Iteration 6775000/10000000 (67.8%)
  Iteration 6800000/10000000 (68.0%)
  Iteration 6825000/10000000 (68.2%)
  Iteration 6850000/10000000 (68.5%)
  Iteration 6875000/10000000 (68.8%)
  Iteration 6900000/10000000 (69.0%)
  Iteration 6925000/10000000 (69.2%)
  Iteration 6950000/10000000 (69.5%)
  Iteration 6975000/10000000 (69.8%)
  Iteration 7000000/10000000 (70.0%)
  Iteration 7025000/10000000 (70.2%)
  Iteration 7050000/10000000 (70.5%)
  Iteration 7075000/10000000 (70.8%)
  Iteration 7100000/10000000 (71.0%)
  Iteration 7125000/10000000 (71.2%)
  Iteration 7150000/10000000 (71.5%)
  Iteration 7175000/10000000 (71.8%)
  Iteration 7200000/10000000 (72.0%)
  Iteration 7225000/10000000 (72.2%)
  Iteration 7250000/10000000 (72.5%)
  Iteration 7275000/10000000 (72.8%)
  Iteration 7300000/10000000 (73.0%)
  Iteration 7325000/10000000 (73.2%)
  Iteration 7350000/10000000 (73.5%)
  Iteration 7375000/10000000 (73.8%)
  Iteration 7400000/10000000 (74.0%)
  Iteration 7425000/10000000 (74.2%)
  Iteration 7450000/10000000 (74.5%)
  Iteration 7475000/10000000 (74.8%)
  Iteration 7500000/10000000 (75.0%)
  Iteration 7525000/10000000 (75.2%)
  Iteration 7550000/10000000 (75.5%)
  Iteration 7575000/10000000 (75.8%)
  Iteration 7600000/10000000 (76.0%)
  Iteration 7625000/10000000 (76.2%)
  Iteration 7650000/10000000 (76.5%)
  Iteration 7675000/10000000 (76.8%)
  Iteration 7700000/10000000 (77.0%)
  Iteration 7725000/10000000 (77.2%)
  Iteration 7750000/10000000 (77.5%)
  Iteration 7775000/10000000 (77.8%)
  Iteration 7800000/10000000 (78.0%)
  Iteration 7825000/10000000 (78.2%)
  Iteration 7850000/10000000 (78.5%)
  Iteration 7875000/10000000 (78.8%)
  Iteration 7900000/10000000 (79.0%)
  Iteration 7925000/10000000 (79.2%)
  Iteration 7950000/10000000 (79.5%)
  Iteration 7975000/10000000 (79.8%)
  Iteration 8000000/10000000 (80.0%)
  Iteration 8025000/10000000 (80.2%)
  Iteration 8050000/10000000 (80.5%)
  Iteration 8075000/10000000 (80.8%)
  Iteration 8100000/10000000 (81.0%)
  Iteration 8125000/10000000 (81.2%)
  Iteration 8150000/10000000 (81.5%)
  Iteration 8175000/10000000 (81.8%)
  Iteration 8200000/10000000 (82.0%)
  Iteration 8225000/10000000 (82.2%)
  Iteration 8250000/10000000 (82.5%)
  Iteration 8275000/10000000 (82.8%)
  Iteration 8300000/10000000 (83.0%)
  Iteration 8325000/10000000 (83.2%)
  Iteration 8350000/10000000 (83.5%)
  Iteration 8375000/10000000 (83.8%)
  Iteration 8400000/10000000 (84.0%)
  Iteration 8425000/10000000 (84.2%)
  Iteration 8450000/10000000 (84.5%)
  Iteration 8475000/10000000 (84.8%)
  Iteration 8500000/10000000 (85.0%)
  Iteration 8525000/10000000 (85.2%)
  Iteration 8550000/10000000 (85.5%)
  Iteration 8575000/10000000 (85.8%)
  Iteration 8600000/10000000 (86.0%)
  Iteration 8625000/10000000 (86.2%)
  Iteration 8650000/10000000 (86.5%)
  Iteration 8675000/10000000 (86.8%)
  Iteration 8700000/10000000 (87.0%)
  Iteration 8725000/10000000 (87.2%)
  Iteration 8750000/10000000 (87.5%)
  Iteration 8775000/10000000 (87.8%)
  Iteration 8800000/10000000 (88.0%)
  Iteration 8825000/10000000 (88.2%)
  Iteration 8850000/10000000 (88.5%)
  Iteration 8875000/10000000 (88.8%)
  Iteration 8900000/10000000 (89.0%)
  Iteration 8925000/10000000 (89.2%)
  Iteration 8950000/10000000 (89.5%)
  Iteration 8975000/10000000 (89.8%)
  Iteration 9000000/10000000 (90.0%)
  Iteration 9025000/10000000 (90.2%)
  Iteration 9050000/10000000 (90.5%)
  Iteration 9075000/10000000 (90.8%)
  Iteration 9100000/10000000 (91.0%)
  Iteration 9125000/10000000 (91.2%)
  Iteration 9150000/10000000 (91.5%)
  Iteration 9175000/10000000 (91.8%)
  Iteration 9200000/10000000 (92.0%)
  Iteration 9225000/10000000 (92.2%)
  Iteration 9250000/10000000 (92.5%)
  Iteration 9275000/10000000 (92.8%)
  Iteration 9300000/10000000 (93.0%)
  Iteration 9325000/10000000 (93.2%)
  Iteration 9350000/10000000 (93.5%)
  Iteration 9375000/10000000 (93.8%)
  Iteration 9400000/10000000 (94.0%)
  Iteration 9425000/10000000 (94.2%)
  Iteration 9450000/10000000 (94.5%)
  Iteration 9475000/10000000 (94.8%)
  Iteration 9500000/10000000 (95.0%)
  Iteration 9525000/10000000 (95.2%)
  Iteration 9550000/10000000 (95.5%)
  Iteration 9575000/10000000 (95.8%)
  Iteration 9600000/10000000 (96.0%)
  Iteration 9625000/10000000 (96.2%)
  Iteration 9650000/10000000 (96.5%)
  Iteration 9675000/10000000 (96.8%)
  Iteration 9700000/10000000 (97.0%)
  Iteration 9725000/10000000 (97.2%)
  Iteration 9750000/10000000 (97.5%)
  Iteration 9775000/10000000 (97.8%)
  Iteration 9800000/10000000 (98.0%)
  Iteration 9825000/10000000 (98.2%)
  Iteration 9850000/10000000 (98.5%)
  Iteration 9875000/10000000 (98.8%)
  Iteration 9900000/10000000 (99.0%)
  Iteration 9925000/10000000 (99.2%)
  Iteration 9950000/10000000 (99.5%)
  Iteration 9975000/10000000 (99.8%)
  Iteration 10000000/10000000 (100.0%)

Sampling complete!
Final MSE: 566.67 ± 0.00
Minimum MSE: 566.52

Generating histograms...
Saved histogram: results_burnin_analysis/mc_histogram_iter1e7.png

Analysis complete! Histogram saved to results_burnin_analysis/
  - mc_histogram_iter1e7.png: Parameter distributions comparison
Completed n_iter=10000000
