[idx=0] T0=0.1 sigma=1e-11 final_mse=3045.8040902924313 -> results_tuning/tuning_00.json (plot: results_tuning/mse_curve_00.png)
[idx=1] T0=0.1 sigma=1e-10 final_mse=1662.626925677684 -> results_tuning/tuning_01.json (plot: results_tuning/mse_curve_01.png)
[idx=2] T0=0.1 sigma=1e-09 final_mse=1352.6541578314836 -> results_tuning/tuning_02.json (plot: results_tuning/mse_curve_02.png)
[idx=3] T0=0.1 sigma=1e-08 final_mse=1007.3385976799128 -> results_tuning/tuning_03.json (plot: results_tuning/mse_curve_03.png)
[idx=4] T0=0.1 sigma=1e-07 final_mse=623.3658590259763 -> results_tuning/tuning_04.json (plot: results_tuning/mse_curve_04.png)
[idx=5] T0=0.1 sigma=1e-06 final_mse=602.4295698750977 -> results_tuning/tuning_05.json (plot: results_tuning/mse_curve_05.png)
[idx=6] T0=0.1 sigma=9.999999999999999e-06 final_mse=599.8929725196323 -> results_tuning/tuning_06.json (plot: results_tuning/mse_curve_06.png)
[idx=7] T0=0.1 sigma=0.0001 final_mse=717.0885013125888 -> results_tuning/tuning_07.json (plot: results_tuning/mse_curve_07.png)
[idx=8] T0=0.2 sigma=1e-11 final_mse=3077.6900161954472 -> results_tuning/tuning_08.json (plot: results_tuning/mse_curve_08.png)
[idx=9] T0=0.2 sigma=1e-10 final_mse=1615.2363002461943 -> results_tuning/tuning_09.json (plot: results_tuning/mse_curve_09.png)
[idx=10] T0=0.2 sigma=1e-09 final_mse=1347.5428571092561 -> results_tuning/tuning_10.json (plot: results_tuning/mse_curve_10.png)
[idx=11] T0=0.2 sigma=1e-08 final_mse=1005.7054518050389 -> results_tuning/tuning_11.json (plot: results_tuning/mse_curve_11.png)
[idx=12] T0=0.2 sigma=1e-07 final_mse=627.1335437223438 -> results_tuning/tuning_12.json (plot: results_tuning/mse_curve_12.png)
[idx=13] T0=0.2 sigma=1e-06 final_mse=602.1490797747499 -> results_tuning/tuning_13.json (plot: results_tuning/mse_curve_13.png)
[idx=14] T0=0.2 sigma=9.999999999999999e-06 final_mse=606.4065420513688 -> results_tuning/tuning_14.json (plot: results_tuning/mse_curve_14.png)
[idx=15] T0=0.2 sigma=0.0001 final_mse=693.5614679158447 -> results_tuning/tuning_15.json (plot: results_tuning/mse_curve_15.png)
[idx=16] T0=0.5 sigma=1e-11 final_mse=3072.044435233051 -> results_tuning/tuning_16.json (plot: results_tuning/mse_curve_16.png)
[idx=17] T0=0.5 sigma=1e-10 final_mse=1672.06634027149 -> results_tuning/tuning_17.json (plot: results_tuning/mse_curve_17.png)
[idx=18] T0=0.5 sigma=1e-09 final_mse=1346.8722214968911 -> results_tuning/tuning_18.json (plot: results_tuning/mse_curve_18.png)
[idx=19] T0=0.5 sigma=1e-08 final_mse=1006.590775432652 -> results_tuning/tuning_19.json (plot: results_tuning/mse_curve_19.png)
[idx=20] T0=0.5 sigma=1e-07 final_mse=623.1016971416826 -> results_tuning/tuning_20.json (plot: results_tuning/mse_curve_20.png)
[idx=21] T0=0.5 sigma=1e-06 final_mse=599.174985468163 -> results_tuning/tuning_21.json (plot: results_tuning/mse_curve_21.png)
[idx=22] T0=0.5 sigma=9.999999999999999e-06 final_mse=599.5841474922327 -> results_tuning/tuning_22.json (plot: results_tuning/mse_curve_22.png)
[idx=23] T0=0.5 sigma=0.0001 final_mse=694.8321419075648 -> results_tuning/tuning_23.json (plot: results_tuning/mse_curve_23.png)
[idx=24] T0=1.0 sigma=1e-11 final_mse=3048.3637547657345 -> results_tuning/tuning_24.json (plot: results_tuning/mse_curve_24.png)
[idx=25] T0=1.0 sigma=1e-10 final_mse=1719.491950635514 -> results_tuning/tuning_25.json (plot: results_tuning/mse_curve_25.png)
[idx=26] T0=1.0 sigma=1e-09 final_mse=1314.5998136393287 -> results_tuning/tuning_26.json (plot: results_tuning/mse_curve_26.png)
[idx=27] T0=1.0 sigma=1e-08 final_mse=1022.6489112210069 -> results_tuning/tuning_27.json (plot: results_tuning/mse_curve_27.png)
[idx=28] T0=1.0 sigma=1e-07 final_mse=618.0824564909085 -> results_tuning/tuning_28.json (plot: results_tuning/mse_curve_28.png)
[idx=29] T0=1.0 sigma=1e-06 final_mse=608.8653811104344 -> results_tuning/tuning_29.json (plot: results_tuning/mse_curve_29.png)
[idx=30] T0=1.0 sigma=9.999999999999999e-06 final_mse=601.4698969474645 -> results_tuning/tuning_30.json (plot: results_tuning/mse_curve_30.png)
[idx=31] T0=1.0 sigma=0.0001 final_mse=685.4200252474476 -> results_tuning/tuning_31.json (plot: results_tuning/mse_curve_31.png)

Total wall time: 639.16s
Processed 32 combinations using 32 workers
