[idx=0] T0=0.1 sigma=1e-11 final_mse=1377.1494696086684 -> results_tuning/tuning_00.json (plot: results_tuning/mse_curve_00.png)
[idx=1] T0=0.1 sigma=1e-10 final_mse=1168.995396467805 -> results_tuning/tuning_01.json (plot: results_tuning/mse_curve_01.png)
[idx=2] T0=0.1 sigma=1e-09 final_mse=690.1260427339511 -> results_tuning/tuning_02.json (plot: results_tuning/mse_curve_02.png)
[idx=3] T0=0.1 sigma=1e-08 final_mse=572.5219887646488 -> results_tuning/tuning_03.json (plot: results_tuning/mse_curve_03.png)
[idx=4] T0=0.1 sigma=1e-07 final_mse=565.7658909153346 -> results_tuning/tuning_04.json (plot: results_tuning/mse_curve_04.png)
[idx=5] T0=0.1 sigma=1e-06 final_mse=571.341150994085 -> results_tuning/tuning_05.json (plot: results_tuning/mse_curve_05.png)
[idx=6] T0=0.1 sigma=9.999999999999999e-06 final_mse=604.3251854193574 -> results_tuning/tuning_06.json (plot: results_tuning/mse_curve_06.png)
[idx=7] T0=0.1 sigma=0.0001 final_mse=670.6505756524704 -> results_tuning/tuning_07.json (plot: results_tuning/mse_curve_07.png)
[idx=8] T0=0.2 sigma=1e-11 final_mse=1607.2049083532581 -> results_tuning/tuning_08.json (plot: results_tuning/mse_curve_08.png)
[idx=9] T0=0.2 sigma=1e-10 final_mse=1239.9495685242491 -> results_tuning/tuning_09.json (plot: results_tuning/mse_curve_09.png)
[idx=10] T0=0.2 sigma=1e-09 final_mse=775.6617646504579 -> results_tuning/tuning_10.json (plot: results_tuning/mse_curve_10.png)
[idx=11] T0=0.2 sigma=1e-08 final_mse=578.7850633939096 -> results_tuning/tuning_11.json (plot: results_tuning/mse_curve_11.png)
[idx=12] T0=0.2 sigma=1e-07 final_mse=566.1550295729135 -> results_tuning/tuning_12.json (plot: results_tuning/mse_curve_12.png)
[idx=13] T0=0.2 sigma=1e-06 final_mse=567.7304343724799 -> results_tuning/tuning_13.json (plot: results_tuning/mse_curve_13.png)
[idx=14] T0=0.2 sigma=9.999999999999999e-06 final_mse=606.8213606456759 -> results_tuning/tuning_14.json (plot: results_tuning/mse_curve_14.png)
[idx=15] T0=0.2 sigma=0.0001 final_mse=677.721742586106 -> results_tuning/tuning_15.json (plot: results_tuning/mse_curve_15.png)
[idx=16] T0=0.5 sigma=1e-11 final_mse=2228.0113894673677 -> results_tuning/tuning_16.json (plot: results_tuning/mse_curve_16.png)
[idx=17] T0=0.5 sigma=1e-10 final_mse=1304.3336488972268 -> results_tuning/tuning_17.json (plot: results_tuning/mse_curve_17.png)
[idx=18] T0=0.5 sigma=1e-09 final_mse=958.1785006587825 -> results_tuning/tuning_18.json (plot: results_tuning/mse_curve_18.png)
[idx=19] T0=0.5 sigma=1e-08 final_mse=606.179457118415 -> results_tuning/tuning_19.json (plot: results_tuning/mse_curve_19.png)
[idx=20] T0=0.5 sigma=1e-07 final_mse=568.6221829774308 -> results_tuning/tuning_20.json (plot: results_tuning/mse_curve_20.png)
[idx=21] T0=0.5 sigma=1e-06 final_mse=565.1201598207676 -> results_tuning/tuning_21.json (plot: results_tuning/mse_curve_21.png)
[idx=22] T0=0.5 sigma=9.999999999999999e-06 final_mse=583.2656570844056 -> results_tuning/tuning_22.json (plot: results_tuning/mse_curve_22.png)
[idx=23] T0=0.5 sigma=0.0001 final_mse=718.059517706572 -> results_tuning/tuning_23.json (plot: results_tuning/mse_curve_23.png)
[idx=24] T0=1.0 sigma=1e-11 final_mse=2622.0011889677803 -> results_tuning/tuning_24.json (plot: results_tuning/mse_curve_24.png)
[idx=25] T0=1.0 sigma=1e-10 final_mse=1340.7117473147853 -> results_tuning/tuning_25.json (plot: results_tuning/mse_curve_25.png)
[idx=26] T0=1.0 sigma=1e-09 final_mse=1092.9057637199173 -> results_tuning/tuning_26.json (plot: results_tuning/mse_curve_26.png)
[idx=27] T0=1.0 sigma=1e-08 final_mse=635.8235089591433 -> results_tuning/tuning_27.json (plot: results_tuning/mse_curve_27.png)
[idx=28] T0=1.0 sigma=1e-07 final_mse=569.8138244133555 -> results_tuning/tuning_28.json (plot: results_tuning/mse_curve_28.png)
[idx=29] T0=1.0 sigma=1e-06 final_mse=568.7268075727634 -> results_tuning/tuning_29.json (plot: results_tuning/mse_curve_29.png)
[idx=30] T0=1.0 sigma=9.999999999999999e-06 final_mse=572.3563108515611 -> results_tuning/tuning_30.json (plot: results_tuning/mse_curve_30.png)
[idx=31] T0=1.0 sigma=0.0001 final_mse=650.0389144142423 -> results_tuning/tuning_31.json (plot: results_tuning/mse_curve_31.png)

Total wall time: 649.17s
Processed 32 combinations using 32 workers
