==========================================
Running calibration with constraint test
==========================================
Parameters:
  n_chains=10
  n_iter=250000
  burn_in=200000
  n_workers=32
  T0=0.5, sigma=1e-6


Performance Analysis:
  Average single iteration time: 2.0037 ms
  Std deviation: 0.1394 ms
  Wall time per iteration (wall_time/n_iter): 2.0938 ms
  Total iterations: 250000
  Measured iterations: 10000

Collected 10 independent runs
Chain means array shape: (10, 30)
Center of Mass (best estimation) shape: (30,)
Number of model parameters: 30
Saved calibration result -> results_calibration/calib_workers32_chains10_constraint_test.json
Workers=32 wall_time=523.44s final_mse=10133.1

Calibration completed
